2025-05-15 10:20:33.070 [ERROR]: uncaughtException: errorHandler.initialize is not a function
TypeError: errorHandler.initialize is not a function
    at setupErrorHandlers (C:\Users\tazer\OneDrive\Documents\Tera_Electron\electron\main.js:49:16)
    at App.<anonymous> (C:\Users\tazer\OneDrive\Documents\Tera_Electron\electron\main.js:147:5)
    at App.emit (node:events:517:28) - {"error":{},"stack":"TypeError: errorHandler.initialize is not a function\n    at setupErrorHandlers (C:\\Users\\tazer\\OneDrive\\Documents\\Tera_Electron\\electron\\main.js:49:16)\n    at App.<anonymous> (C:\\Users\\tazer\\OneDrive\\Documents\\Tera_Electron\\electron\\main.js:147:5)\n    at App.emit (node:events:517:28)","exception":true,"date":"Thu May 15 2025 10:20:33 GMT-0600 (Mountain Daylight Time)","process":{"pid":23628,"uid":null,"gid":null,"cwd":"C:\\Users\\tazer\\OneDrive\\Documents\\Tera_Electron","execPath":"C:\\Users\\tazer\\OneDrive\\Documents\\Tera_Electron\\node_modules\\electron\\dist\\electron.exe","version":"v18.18.2","argv":["C:\\Users\\tazer\\OneDrive\\Documents\\Tera_Electron\\node_modules\\electron\\dist\\electron.exe","."],"memoryUsage":{"rss":61349888,"heapTotal":16568320,"heapUsed":9390524,"external":2692779,"arrayBuffers":0}},"os":{"loadavg":[0,0,0],"uptime":75887.687},"trace":[{"column":16,"file":"C:\\Users\\tazer\\OneDrive\\Documents\\Tera_Electron\\electron\\main.js","function":"setupErrorHandlers","line":49,"method":null,"native":false},{"column":5,"file":"C:\\Users\\tazer\\OneDrive\\Documents\\Tera_Electron\\electron\\main.js","function":null,"line":147,"method":null,"native":false},{"column":28,"file":"node:events","function":"App.emit","line":517,"method":"emit","native":false}]}
2025-05-15 10:22:36.135 [ERROR]: uncaughtException: errorHandler.initialize is not a function
TypeError: errorHandler.initialize is not a function
    at setupErrorHandlers (C:\Users\tazer\OneDrive\Documents\Tera_Electron\electron\main.js:49:16)
    at App.<anonymous> (C:\Users\tazer\OneDrive\Documents\Tera_Electron\electron\main.js:147:5)
    at App.emit (node:events:517:28) - {"error":{},"stack":"TypeError: errorHandler.initialize is not a function\n    at setupErrorHandlers (C:\\Users\\tazer\\OneDrive\\Documents\\Tera_Electron\\electron\\main.js:49:16)\n    at App.<anonymous> (C:\\Users\\tazer\\OneDrive\\Documents\\Tera_Electron\\electron\\main.js:147:5)\n    at App.emit (node:events:517:28)","exception":true,"date":"Thu May 15 2025 10:22:36 GMT-0600 (Mountain Daylight Time)","process":{"pid":13852,"uid":null,"gid":null,"cwd":"C:\\Users\\tazer\\OneDrive\\Documents\\Tera_Electron","execPath":"C:\\Users\\tazer\\OneDrive\\Documents\\Tera_Electron\\node_modules\\electron\\dist\\electron.exe","version":"v18.18.2","argv":["C:\\Users\\tazer\\OneDrive\\Documents\\Tera_Electron\\node_modules\\electron\\dist\\electron.exe","."],"memoryUsage":{"rss":61390848,"heapTotal":16306176,"heapUsed":9377496,"external":2693873,"arrayBuffers":0}},"os":{"loadavg":[0,0,0],"uptime":76010.75},"trace":[{"column":16,"file":"C:\\Users\\tazer\\OneDrive\\Documents\\Tera_Electron\\electron\\main.js","function":"setupErrorHandlers","line":49,"method":null,"native":false},{"column":5,"file":"C:\\Users\\tazer\\OneDrive\\Documents\\Tera_Electron\\electron\\main.js","function":null,"line":147,"method":null,"native":false},{"column":28,"file":"node:events","function":"App.emit","line":517,"method":"emit","native":false}]}
2025-05-15 10:24:11.485 [ERROR]: uncaughtException: errorHandler.initialize is not a function
TypeError: errorHandler.initialize is not a function
    at setupErrorHandlers (C:\Users\tazer\OneDrive\Documents\Tera_Electron\electron\main.js:49:16)
    at App.<anonymous> (C:\Users\tazer\OneDrive\Documents\Tera_Electron\electron\main.js:149:5)
    at App.emit (node:events:517:28) - {"error":{},"stack":"TypeError: errorHandler.initialize is not a function\n    at setupErrorHandlers (C:\\Users\\tazer\\OneDrive\\Documents\\Tera_Electron\\electron\\main.js:49:16)\n    at App.<anonymous> (C:\\Users\\tazer\\OneDrive\\Documents\\Tera_Electron\\electron\\main.js:149:5)\n    at App.emit (node:events:517:28)","exception":true,"date":"Thu May 15 2025 10:24:11 GMT-0600 (Mountain Daylight Time)","process":{"pid":6292,"uid":null,"gid":null,"cwd":"C:\\Users\\tazer\\OneDrive\\Documents\\Tera_Electron","execPath":"C:\\Users\\tazer\\OneDrive\\Documents\\Tera_Electron\\node_modules\\electron\\dist\\electron.exe","version":"v18.18.2","argv":["C:\\Users\\tazer\\OneDrive\\Documents\\Tera_Electron\\node_modules\\electron\\dist\\electron.exe","."],"memoryUsage":{"rss":61452288,"heapTotal":16568320,"heapUsed":9387188,"external":2692779,"arrayBuffers":0}},"os":{"loadavg":[0,0,0],"uptime":76106.093},"trace":[{"column":16,"file":"C:\\Users\\tazer\\OneDrive\\Documents\\Tera_Electron\\electron\\main.js","function":"setupErrorHandlers","line":49,"method":null,"native":false},{"column":5,"file":"C:\\Users\\tazer\\OneDrive\\Documents\\Tera_Electron\\electron\\main.js","function":null,"line":149,"method":null,"native":false},{"column":28,"file":"node:events","function":"App.emit","line":517,"method":"emit","native":false}]}
2025-05-15 10:26:24.545 [ERROR]: uncaughtException: errorHandler.initialize is not a function
TypeError: errorHandler.initialize is not a function
    at setupErrorHandlers (C:\Users\tazer\OneDrive\Documents\Tera_Electron\electron\main.js:49:16)
    at App.<anonymous> (C:\Users\tazer\OneDrive\Documents\Tera_Electron\electron\main.js:149:5)
    at App.emit (node:events:517:28) - {"error":{},"stack":"TypeError: errorHandler.initialize is not a function\n    at setupErrorHandlers (C:\\Users\\tazer\\OneDrive\\Documents\\Tera_Electron\\electron\\main.js:49:16)\n    at App.<anonymous> (C:\\Users\\tazer\\OneDrive\\Documents\\Tera_Electron\\electron\\main.js:149:5)\n    at App.emit (node:events:517:28)","exception":true,"date":"Thu May 15 2025 10:26:24 GMT-0600 (Mountain Daylight Time)","process":{"pid":23052,"uid":null,"gid":null,"cwd":"C:\\Users\\tazer\\OneDrive\\Documents\\Tera_Electron","execPath":"C:\\Users\\tazer\\OneDrive\\Documents\\Tera_Electron\\node_modules\\electron\\dist\\electron.exe","version":"v18.18.2","argv":["C:\\Users\\tazer\\OneDrive\\Documents\\Tera_Electron\\node_modules\\electron\\dist\\electron.exe","."],"memoryUsage":{"rss":61399040,"heapTotal":16568320,"heapUsed":9349688,"external":2683482,"arrayBuffers":0}},"os":{"loadavg":[0,0,0],"uptime":76239.156},"trace":[{"column":16,"file":"C:\\Users\\tazer\\OneDrive\\Documents\\Tera_Electron\\electron\\main.js","function":"setupErrorHandlers","line":49,"method":null,"native":false},{"column":5,"file":"C:\\Users\\tazer\\OneDrive\\Documents\\Tera_Electron\\electron\\main.js","function":null,"line":149,"method":null,"native":false},{"column":28,"file":"node:events","function":"App.emit","line":517,"method":"emit","native":false}]}
2025-05-15 11:20:33.167 [ERROR]: uncaughtException: Cannot read properties of undefined (reading 'getPath')
TypeError: Cannot read properties of undefined (reading 'getPath')
    at Object.<anonymous> (C:\Users\tazer\OneDrive\Documents\Tera_Electron\electron\config\settings-manager.js:33:33)
    at Module._compile (node:internal/modules/cjs/loader:1730:14)
    at Object..js (node:internal/modules/cjs/loader:1895:10)
    at Module.load (node:internal/modules/cjs/loader:1465:32)
    at Function._load (node:internal/modules/cjs/loader:1282:12)
    at TracingChannel.traceSync (node:diagnostics_channel:322:14)
    at wrapModuleLoad (node:internal/modules/cjs/loader:235:24)
    at Module.require (node:internal/modules/cjs/loader:1487:12)
    at require (node:internal/modules/helpers:135:16)
    at Object.<anonymous> (C:\Users\tazer\OneDrive\Documents\Tera_Electron\test-settings-app.js:10:25) - {"error":{},"stack":"TypeError: Cannot read properties of undefined (reading 'getPath')\n    at Object.<anonymous> (C:\\Users\\tazer\\OneDrive\\Documents\\Tera_Electron\\electron\\config\\settings-manager.js:33:33)\n    at Module._compile (node:internal/modules/cjs/loader:1730:14)\n    at Object..js (node:internal/modules/cjs/loader:1895:10)\n    at Module.load (node:internal/modules/cjs/loader:1465:32)\n    at Function._load (node:internal/modules/cjs/loader:1282:12)\n    at TracingChannel.traceSync (node:diagnostics_channel:322:14)\n    at wrapModuleLoad (node:internal/modules/cjs/loader:235:24)\n    at Module.require (node:internal/modules/cjs/loader:1487:12)\n    at require (node:internal/modules/helpers:135:16)\n    at Object.<anonymous> (C:\\Users\\tazer\\OneDrive\\Documents\\Tera_Electron\\test-settings-app.js:10:25)","exception":true,"date":"Thu May 15 2025 11:20:33 GMT-0600 (Mountain Daylight Time)","process":{"pid":21812,"uid":null,"gid":null,"cwd":"C:\\Users\\tazer\\OneDrive\\Documents\\Tera_Electron","execPath":"C:\\Program Files\\nodejs\\node.exe","version":"v22.15.0","argv":["C:\\Program Files\\nodejs\\node.exe","C:\\Users\\tazer\\OneDrive\\Documents\\Tera_Electron\\test-settings-app.js"],"memoryUsage":{"rss":46133248,"heapTotal":10539008,"heapUsed":7494528,"external":1625230,"arrayBuffers":12531}},"os":{"loadavg":[0,0,0],"uptime":79487.781},"trace":[{"column":33,"file":"C:\\Users\\tazer\\OneDrive\\Documents\\Tera_Electron\\electron\\config\\settings-manager.js","function":null,"line":33,"method":null,"native":false},{"column":14,"file":"node:internal/modules/cjs/loader","function":"Module._compile","line":1730,"method":"_compile","native":false},{"column":10,"file":"node:internal/modules/cjs/loader","function":"Object..js","line":1895,"method":".js","native":false},{"column":32,"file":"node:internal/modules/cjs/loader","function":"Module.load","line":1465,"method":"load","native":false},{"column":12,"file":"node:internal/modules/cjs/loader","function":"Function._load","line":1282,"method":"_load","native":false},{"column":14,"file":"node:diagnostics_channel","function":"TracingChannel.traceSync","line":322,"method":"traceSync","native":false},{"column":24,"file":"node:internal/modules/cjs/loader","function":"wrapModuleLoad","line":235,"method":null,"native":false},{"column":12,"file":"node:internal/modules/cjs/loader","function":"Module.require","line":1487,"method":"require","native":false},{"column":16,"file":"node:internal/modules/helpers","function":"require","line":135,"method":null,"native":false},{"column":25,"file":"C:\\Users\\tazer\\OneDrive\\Documents\\Tera_Electron\\test-settings-app.js","function":null,"line":10,"method":null,"native":false}]}
2025-05-15 11:20:46.534 [ERROR]: uncaughtException: Cannot read properties of undefined (reading 'getPath')
TypeError: Cannot read properties of undefined (reading 'getPath')
    at Object.<anonymous> (C:\Users\tazer\OneDrive\Documents\Tera_Electron\electron\config\settings-manager.js:33:33)
    at Module._compile (node:internal/modules/cjs/loader:1730:14)
    at Object..js (node:internal/modules/cjs/loader:1895:10)
    at Module.load (node:internal/modules/cjs/loader:1465:32)
    at Function._load (node:internal/modules/cjs/loader:1282:12)
    at TracingChannel.traceSync (node:diagnostics_channel:322:14)
    at wrapModuleLoad (node:internal/modules/cjs/loader:235:24)
    at Module.require (node:internal/modules/cjs/loader:1487:12)
    at require (node:internal/modules/helpers:135:16)
    at Object.<anonymous> (C:\Users\tazer\OneDrive\Documents\Tera_Electron\test-settings-app.js:10:25) - {"error":{},"stack":"TypeError: Cannot read properties of undefined (reading 'getPath')\n    at Object.<anonymous> (C:\\Users\\tazer\\OneDrive\\Documents\\Tera_Electron\\electron\\config\\settings-manager.js:33:33)\n    at Module._compile (node:internal/modules/cjs/loader:1730:14)\n    at Object..js (node:internal/modules/cjs/loader:1895:10)\n    at Module.load (node:internal/modules/cjs/loader:1465:32)\n    at Function._load (node:internal/modules/cjs/loader:1282:12)\n    at TracingChannel.traceSync (node:diagnostics_channel:322:14)\n    at wrapModuleLoad (node:internal/modules/cjs/loader:235:24)\n    at Module.require (node:internal/modules/cjs/loader:1487:12)\n    at require (node:internal/modules/helpers:135:16)\n    at Object.<anonymous> (C:\\Users\\tazer\\OneDrive\\Documents\\Tera_Electron\\test-settings-app.js:10:25)","exception":true,"date":"Thu May 15 2025 11:20:46 GMT-0600 (Mountain Daylight Time)","process":{"pid":25676,"uid":null,"gid":null,"cwd":"C:\\Users\\tazer\\OneDrive\\Documents\\Tera_Electron","execPath":"C:\\Program Files\\nodejs\\node.exe","version":"v22.15.0","argv":["C:\\Program Files\\nodejs\\node.exe","C:\\Users\\tazer\\OneDrive\\Documents\\Tera_Electron\\test-settings-app.js"],"memoryUsage":{"rss":45957120,"heapTotal":10539008,"heapUsed":7462752,"external":1625230,"arrayBuffers":12531}},"os":{"loadavg":[0,0,0],"uptime":79501.156},"trace":[{"column":33,"file":"C:\\Users\\tazer\\OneDrive\\Documents\\Tera_Electron\\electron\\config\\settings-manager.js","function":null,"line":33,"method":null,"native":false},{"column":14,"file":"node:internal/modules/cjs/loader","function":"Module._compile","line":1730,"method":"_compile","native":false},{"column":10,"file":"node:internal/modules/cjs/loader","function":"Object..js","line":1895,"method":".js","native":false},{"column":32,"file":"node:internal/modules/cjs/loader","function":"Module.load","line":1465,"method":"load","native":false},{"column":12,"file":"node:internal/modules/cjs/loader","function":"Function._load","line":1282,"method":"_load","native":false},{"column":14,"file":"node:diagnostics_channel","function":"TracingChannel.traceSync","line":322,"method":"traceSync","native":false},{"column":24,"file":"node:internal/modules/cjs/loader","function":"wrapModuleLoad","line":235,"method":null,"native":false},{"column":12,"file":"node:internal/modules/cjs/loader","function":"Module.require","line":1487,"method":"require","native":false},{"column":16,"file":"node:internal/modules/helpers","function":"require","line":135,"method":null,"native":false},{"column":25,"file":"C:\\Users\\tazer\\OneDrive\\Documents\\Tera_Electron\\test-settings-app.js","function":null,"line":10,"method":null,"native":false}]}
2025-05-15 11:21:19.682 [ERROR]: uncaughtException: Cannot read properties of undefined (reading 'getPath')
TypeError: Cannot read properties of undefined (reading 'getPath')
    at Object.<anonymous> (C:\Users\tazer\OneDrive\Documents\Tera_Electron\electron\config\settings-manager.js:33:33)
    at Module._compile (node:internal/modules/cjs/loader:1730:14)
    at Object..js (node:internal/modules/cjs/loader:1895:10)
    at Module.load (node:internal/modules/cjs/loader:1465:32)
    at Function._load (node:internal/modules/cjs/loader:1282:12)
    at TracingChannel.traceSync (node:diagnostics_channel:322:14)
    at wrapModuleLoad (node:internal/modules/cjs/loader:235:24)
    at Module.require (node:internal/modules/cjs/loader:1487:12)
    at require (node:internal/modules/helpers:135:16)
    at Object.<anonymous> (C:\Users\tazer\OneDrive\Documents\Tera_Electron\test-settings-direct.js:8:25) - {"error":{},"stack":"TypeError: Cannot read properties of undefined (reading 'getPath')\n    at Object.<anonymous> (C:\\Users\\tazer\\OneDrive\\Documents\\Tera_Electron\\electron\\config\\settings-manager.js:33:33)\n    at Module._compile (node:internal/modules/cjs/loader:1730:14)\n    at Object..js (node:internal/modules/cjs/loader:1895:10)\n    at Module.load (node:internal/modules/cjs/loader:1465:32)\n    at Function._load (node:internal/modules/cjs/loader:1282:12)\n    at TracingChannel.traceSync (node:diagnostics_channel:322:14)\n    at wrapModuleLoad (node:internal/modules/cjs/loader:235:24)\n    at Module.require (node:internal/modules/cjs/loader:1487:12)\n    at require (node:internal/modules/helpers:135:16)\n    at Object.<anonymous> (C:\\Users\\tazer\\OneDrive\\Documents\\Tera_Electron\\test-settings-direct.js:8:25)","exception":true,"date":"Thu May 15 2025 11:21:19 GMT-0600 (Mountain Daylight Time)","process":{"pid":20248,"uid":null,"gid":null,"cwd":"C:\\Users\\tazer\\OneDrive\\Documents\\Tera_Electron","execPath":"C:\\Program Files\\nodejs\\node.exe","version":"v22.15.0","argv":["C:\\Program Files\\nodejs\\node.exe","C:\\Users\\tazer\\OneDrive\\Documents\\Tera_Electron\\test-settings-direct.js"],"memoryUsage":{"rss":45993984,"heapTotal":10539008,"heapUsed":7442080,"external":1625230,"arrayBuffers":12531}},"os":{"loadavg":[0,0,0],"uptime":79534.296},"trace":[{"column":33,"file":"C:\\Users\\tazer\\OneDrive\\Documents\\Tera_Electron\\electron\\config\\settings-manager.js","function":null,"line":33,"method":null,"native":false},{"column":14,"file":"node:internal/modules/cjs/loader","function":"Module._compile","line":1730,"method":"_compile","native":false},{"column":10,"file":"node:internal/modules/cjs/loader","function":"Object..js","line":1895,"method":".js","native":false},{"column":32,"file":"node:internal/modules/cjs/loader","function":"Module.load","line":1465,"method":"load","native":false},{"column":12,"file":"node:internal/modules/cjs/loader","function":"Function._load","line":1282,"method":"_load","native":false},{"column":14,"file":"node:diagnostics_channel","function":"TracingChannel.traceSync","line":322,"method":"traceSync","native":false},{"column":24,"file":"node:internal/modules/cjs/loader","function":"wrapModuleLoad","line":235,"method":null,"native":false},{"column":12,"file":"node:internal/modules/cjs/loader","function":"Module.require","line":1487,"method":"require","native":false},{"column":16,"file":"node:internal/modules/helpers","function":"require","line":135,"method":null,"native":false},{"column":25,"file":"C:\\Users\\tazer\\OneDrive\\Documents\\Tera_Electron\\test-settings-direct.js","function":null,"line":8,"method":null,"native":false}]}
2025-05-15 21:37:34.880 [ERROR]: uncaughtException: Cannot read properties of undefined (reading 'whenReady')
TypeError: Cannot read properties of undefined (reading 'whenReady')
    at Object.<anonymous> (C:\Users\tazer\OneDrive\Documents\Tera_Electron\test-game-electron.js:298:5)
    at Module._compile (node:internal/modules/cjs/loader:1730:14)
    at Object..js (node:internal/modules/cjs/loader:1895:10)
    at Module.load (node:internal/modules/cjs/loader:1465:32)
    at Function._load (node:internal/modules/cjs/loader:1282:12)
    at TracingChannel.traceSync (node:diagnostics_channel:322:14)
    at wrapModuleLoad (node:internal/modules/cjs/loader:235:24)
    at Function.executeUserEntryPoint [as runMain] (node:internal/modules/run_main:170:5)
    at node:internal/main/run_main_module:36:49 - {"error":{},"stack":"TypeError: Cannot read properties of undefined (reading 'whenReady')\n    at Object.<anonymous> (C:\\Users\\tazer\\OneDrive\\Documents\\Tera_Electron\\test-game-electron.js:298:5)\n    at Module._compile (node:internal/modules/cjs/loader:1730:14)\n    at Object..js (node:internal/modules/cjs/loader:1895:10)\n    at Module.load (node:internal/modules/cjs/loader:1465:32)\n    at Function._load (node:internal/modules/cjs/loader:1282:12)\n    at TracingChannel.traceSync (node:diagnostics_channel:322:14)\n    at wrapModuleLoad (node:internal/modules/cjs/loader:235:24)\n    at Function.executeUserEntryPoint [as runMain] (node:internal/modules/run_main:170:5)\n    at node:internal/main/run_main_module:36:49","exception":true,"date":"Thu May 15 2025 21:37:34 GMT-0600 (Mountain Daylight Time)","process":{"pid":14900,"uid":null,"gid":null,"cwd":"C:\\Users\\tazer\\OneDrive\\Documents\\Tera_Electron","execPath":"C:\\Program Files\\nodejs\\node.exe","version":"v22.15.0","argv":["C:\\Program Files\\nodejs\\node.exe","C:\\Users\\tazer\\OneDrive\\Documents\\Tera_Electron\\test-game-electron.js"],"memoryUsage":{"rss":45682688,"heapTotal":10276864,"heapUsed":7275608,"external":1625230,"arrayBuffers":12531}},"os":{"loadavg":[0,0,0],"uptime":116509.5},"trace":[{"column":5,"file":"C:\\Users\\tazer\\OneDrive\\Documents\\Tera_Electron\\test-game-electron.js","function":null,"line":298,"method":null,"native":false},{"column":14,"file":"node:internal/modules/cjs/loader","function":"Module._compile","line":1730,"method":"_compile","native":false},{"column":10,"file":"node:internal/modules/cjs/loader","function":"Object..js","line":1895,"method":".js","native":false},{"column":32,"file":"node:internal/modules/cjs/loader","function":"Module.load","line":1465,"method":"load","native":false},{"column":12,"file":"node:internal/modules/cjs/loader","function":"Function._load","line":1282,"method":"_load","native":false},{"column":14,"file":"node:diagnostics_channel","function":"TracingChannel.traceSync","line":322,"method":"traceSync","native":false},{"column":24,"file":"node:internal/modules/cjs/loader","function":"wrapModuleLoad","line":235,"method":null,"native":false},{"column":5,"file":"node:internal/modules/run_main","function":"Function.executeUserEntryPoint [as runMain]","line":170,"method":"executeUserEntryPoint [as runMain]","native":false},{"column":49,"file":"node:internal/main/run_main_module","function":null,"line":36,"method":null,"native":false}]}
2025-05-15 21:41:41.860 [ERROR]: uncaughtException: Cannot read properties of undefined (reading 'whenReady')
TypeError: Cannot read properties of undefined (reading 'whenReady')
    at Object.<anonymous> (C:\Users\tazer\OneDrive\Documents\Tera_Electron\test-game-electron.js:298:5)
    at Module._compile (node:internal/modules/cjs/loader:1730:14)
    at Object..js (node:internal/modules/cjs/loader:1895:10)
    at Module.load (node:internal/modules/cjs/loader:1465:32)
    at Function._load (node:internal/modules/cjs/loader:1282:12)
    at TracingChannel.traceSync (node:diagnostics_channel:322:14)
    at wrapModuleLoad (node:internal/modules/cjs/loader:235:24)
    at Function.executeUserEntryPoint [as runMain] (node:internal/modules/run_main:170:5)
    at node:internal/main/run_main_module:36:49 - {"error":{},"stack":"TypeError: Cannot read properties of undefined (reading 'whenReady')\n    at Object.<anonymous> (C:\\Users\\tazer\\OneDrive\\Documents\\Tera_Electron\\test-game-electron.js:298:5)\n    at Module._compile (node:internal/modules/cjs/loader:1730:14)\n    at Object..js (node:internal/modules/cjs/loader:1895:10)\n    at Module.load (node:internal/modules/cjs/loader:1465:32)\n    at Function._load (node:internal/modules/cjs/loader:1282:12)\n    at TracingChannel.traceSync (node:diagnostics_channel:322:14)\n    at wrapModuleLoad (node:internal/modules/cjs/loader:235:24)\n    at Function.executeUserEntryPoint [as runMain] (node:internal/modules/run_main:170:5)\n    at node:internal/main/run_main_module:36:49","exception":true,"date":"Thu May 15 2025 21:41:41 GMT-0600 (Mountain Daylight Time)","process":{"pid":25408,"uid":null,"gid":null,"cwd":"C:\\Users\\tazer\\OneDrive\\Documents\\Tera_Electron","execPath":"C:\\Program Files\\nodejs\\node.exe","version":"v22.15.0","argv":["C:\\Program Files\\nodejs\\node.exe","C:\\Users\\tazer\\OneDrive\\Documents\\Tera_Electron\\test-game-electron.js"],"memoryUsage":{"rss":45830144,"heapTotal":10539008,"heapUsed":7281576,"external":1625230,"arrayBuffers":12531}},"os":{"loadavg":[0,0,0],"uptime":116756.468},"trace":[{"column":5,"file":"C:\\Users\\tazer\\OneDrive\\Documents\\Tera_Electron\\test-game-electron.js","function":null,"line":298,"method":null,"native":false},{"column":14,"file":"node:internal/modules/cjs/loader","function":"Module._compile","line":1730,"method":"_compile","native":false},{"column":10,"file":"node:internal/modules/cjs/loader","function":"Object..js","line":1895,"method":".js","native":false},{"column":32,"file":"node:internal/modules/cjs/loader","function":"Module.load","line":1465,"method":"load","native":false},{"column":12,"file":"node:internal/modules/cjs/loader","function":"Function._load","line":1282,"method":"_load","native":false},{"column":14,"file":"node:diagnostics_channel","function":"TracingChannel.traceSync","line":322,"method":"traceSync","native":false},{"column":24,"file":"node:internal/modules/cjs/loader","function":"wrapModuleLoad","line":235,"method":null,"native":false},{"column":5,"file":"node:internal/modules/run_main","function":"Function.executeUserEntryPoint [as runMain]","line":170,"method":"executeUserEntryPoint [as runMain]","native":false},{"column":49,"file":"node:internal/main/run_main_module","function":null,"line":36,"method":null,"native":false}]}
2025-05-15 21:41:53.213 [ERROR]: uncaughtException: Cannot read properties of undefined (reading 'whenReady')
TypeError: Cannot read properties of undefined (reading 'whenReady')
    at Object.<anonymous> (C:\Users\tazer\OneDrive\Documents\Tera_Electron\test-game-electron.js:298:5)
    at Module._compile (node:internal/modules/cjs/loader:1730:14)
    at Object..js (node:internal/modules/cjs/loader:1895:10)
    at Module.load (node:internal/modules/cjs/loader:1465:32)
    at Function._load (node:internal/modules/cjs/loader:1282:12)
    at TracingChannel.traceSync (node:diagnostics_channel:322:14)
    at wrapModuleLoad (node:internal/modules/cjs/loader:235:24)
    at Function.executeUserEntryPoint [as runMain] (node:internal/modules/run_main:170:5)
    at node:internal/main/run_main_module:36:49 - {"error":{},"stack":"TypeError: Cannot read properties of undefined (reading 'whenReady')\n    at Object.<anonymous> (C:\\Users\\tazer\\OneDrive\\Documents\\Tera_Electron\\test-game-electron.js:298:5)\n    at Module._compile (node:internal/modules/cjs/loader:1730:14)\n    at Object..js (node:internal/modules/cjs/loader:1895:10)\n    at Module.load (node:internal/modules/cjs/loader:1465:32)\n    at Function._load (node:internal/modules/cjs/loader:1282:12)\n    at TracingChannel.traceSync (node:diagnostics_channel:322:14)\n    at wrapModuleLoad (node:internal/modules/cjs/loader:235:24)\n    at Function.executeUserEntryPoint [as runMain] (node:internal/modules/run_main:170:5)\n    at node:internal/main/run_main_module:36:49","exception":true,"date":"Thu May 15 2025 21:41:53 GMT-0600 (Mountain Daylight Time)","process":{"pid":16444,"uid":null,"gid":null,"cwd":"C:\\Users\\tazer\\OneDrive\\Documents\\Tera_Electron","execPath":"C:\\Program Files\\nodejs\\node.exe","version":"v22.15.0","argv":["C:\\Program Files\\nodejs\\node.exe","C:\\Users\\tazer\\OneDrive\\Documents\\Tera_Electron\\test-game-electron.js"],"memoryUsage":{"rss":45756416,"heapTotal":10276864,"heapUsed":7295752,"external":1625230,"arrayBuffers":12531}},"os":{"loadavg":[0,0,0],"uptime":116767.828},"trace":[{"column":5,"file":"C:\\Users\\tazer\\OneDrive\\Documents\\Tera_Electron\\test-game-electron.js","function":null,"line":298,"method":null,"native":false},{"column":14,"file":"node:internal/modules/cjs/loader","function":"Module._compile","line":1730,"method":"_compile","native":false},{"column":10,"file":"node:internal/modules/cjs/loader","function":"Object..js","line":1895,"method":".js","native":false},{"column":32,"file":"node:internal/modules/cjs/loader","function":"Module.load","line":1465,"method":"load","native":false},{"column":12,"file":"node:internal/modules/cjs/loader","function":"Function._load","line":1282,"method":"_load","native":false},{"column":14,"file":"node:diagnostics_channel","function":"TracingChannel.traceSync","line":322,"method":"traceSync","native":false},{"column":24,"file":"node:internal/modules/cjs/loader","function":"wrapModuleLoad","line":235,"method":null,"native":false},{"column":5,"file":"node:internal/modules/run_main","function":"Function.executeUserEntryPoint [as runMain]","line":170,"method":"executeUserEntryPoint [as runMain]","native":false},{"column":49,"file":"node:internal/main/run_main_module","function":null,"line":36,"method":null,"native":false}]}
2025-05-15 21:42:03.119 [ERROR]: uncaughtException: Cannot read properties of undefined (reading 'getPath')
TypeError: Cannot read properties of undefined (reading 'getPath')
    at Object.<anonymous> (C:\Users\tazer\OneDrive\Documents\Tera_Electron\electron\config\settings-manager.js:33:33)
    at Module._compile (node:internal/modules/cjs/loader:1730:14)
    at Object..js (node:internal/modules/cjs/loader:1895:10)
    at Module.load (node:internal/modules/cjs/loader:1465:32)
    at Function._load (node:internal/modules/cjs/loader:1282:12)
    at TracingChannel.traceSync (node:diagnostics_channel:322:14)
    at wrapModuleLoad (node:internal/modules/cjs/loader:235:24)
    at Module.require (node:internal/modules/cjs/loader:1487:12)
    at require (node:internal/modules/helpers:135:16)
    at Object.<anonymous> (C:\Users\tazer\OneDrive\Documents\Tera_Electron\test-app-dev.js:3:25) - {"error":{},"stack":"TypeError: Cannot read properties of undefined (reading 'getPath')\n    at Object.<anonymous> (C:\\Users\\tazer\\OneDrive\\Documents\\Tera_Electron\\electron\\config\\settings-manager.js:33:33)\n    at Module._compile (node:internal/modules/cjs/loader:1730:14)\n    at Object..js (node:internal/modules/cjs/loader:1895:10)\n    at Module.load (node:internal/modules/cjs/loader:1465:32)\n    at Function._load (node:internal/modules/cjs/loader:1282:12)\n    at TracingChannel.traceSync (node:diagnostics_channel:322:14)\n    at wrapModuleLoad (node:internal/modules/cjs/loader:235:24)\n    at Module.require (node:internal/modules/cjs/loader:1487:12)\n    at require (node:internal/modules/helpers:135:16)\n    at Object.<anonymous> (C:\\Users\\tazer\\OneDrive\\Documents\\Tera_Electron\\test-app-dev.js:3:25)","exception":true,"date":"Thu May 15 2025 21:42:03 GMT-0600 (Mountain Daylight Time)","process":{"pid":15336,"uid":null,"gid":null,"cwd":"C:\\Users\\tazer\\OneDrive\\Documents\\Tera_Electron","execPath":"C:\\Program Files\\nodejs\\node.exe","version":"v22.15.0","argv":["C:\\Program Files\\nodejs\\node.exe","C:\\Users\\tazer\\OneDrive\\Documents\\Tera_Electron\\test-app-dev.js"],"memoryUsage":{"rss":46063616,"heapTotal":10276864,"heapUsed":7497400,"external":1625230,"arrayBuffers":12531}},"os":{"loadavg":[0,0,0],"uptime":116777.734},"trace":[{"column":33,"file":"C:\\Users\\tazer\\OneDrive\\Documents\\Tera_Electron\\electron\\config\\settings-manager.js","function":null,"line":33,"method":null,"native":false},{"column":14,"file":"node:internal/modules/cjs/loader","function":"Module._compile","line":1730,"method":"_compile","native":false},{"column":10,"file":"node:internal/modules/cjs/loader","function":"Object..js","line":1895,"method":".js","native":false},{"column":32,"file":"node:internal/modules/cjs/loader","function":"Module.load","line":1465,"method":"load","native":false},{"column":12,"file":"node:internal/modules/cjs/loader","function":"Function._load","line":1282,"method":"_load","native":false},{"column":14,"file":"node:diagnostics_channel","function":"TracingChannel.traceSync","line":322,"method":"traceSync","native":false},{"column":24,"file":"node:internal/modules/cjs/loader","function":"wrapModuleLoad","line":235,"method":null,"native":false},{"column":12,"file":"node:internal/modules/cjs/loader","function":"Module.require","line":1487,"method":"require","native":false},{"column":16,"file":"node:internal/modules/helpers","function":"require","line":135,"method":null,"native":false},{"column":25,"file":"C:\\Users\\tazer\\OneDrive\\Documents\\Tera_Electron\\test-app-dev.js","function":null,"line":3,"method":null,"native":false}]}
2025-05-15 21:42:05.900 [ERROR]: uncaughtException: Cannot read properties of undefined (reading 'whenReady')
TypeError: Cannot read properties of undefined (reading 'whenReady')
    at Object.<anonymous> (C:\Users\tazer\OneDrive\Documents\Tera_Electron\test-game-electron.js:298:5)
    at Module._compile (node:internal/modules/cjs/loader:1730:14)
    at Object..js (node:internal/modules/cjs/loader:1895:10)
    at Module.load (node:internal/modules/cjs/loader:1465:32)
    at Function._load (node:internal/modules/cjs/loader:1282:12)
    at TracingChannel.traceSync (node:diagnostics_channel:322:14)
    at wrapModuleLoad (node:internal/modules/cjs/loader:235:24)
    at Function.executeUserEntryPoint [as runMain] (node:internal/modules/run_main:170:5)
    at node:internal/main/run_main_module:36:49 - {"error":{},"stack":"TypeError: Cannot read properties of undefined (reading 'whenReady')\n    at Object.<anonymous> (C:\\Users\\tazer\\OneDrive\\Documents\\Tera_Electron\\test-game-electron.js:298:5)\n    at Module._compile (node:internal/modules/cjs/loader:1730:14)\n    at Object..js (node:internal/modules/cjs/loader:1895:10)\n    at Module.load (node:internal/modules/cjs/loader:1465:32)\n    at Function._load (node:internal/modules/cjs/loader:1282:12)\n    at TracingChannel.traceSync (node:diagnostics_channel:322:14)\n    at wrapModuleLoad (node:internal/modules/cjs/loader:235:24)\n    at Function.executeUserEntryPoint [as runMain] (node:internal/modules/run_main:170:5)\n    at node:internal/main/run_main_module:36:49","exception":true,"date":"Thu May 15 2025 21:42:05 GMT-0600 (Mountain Daylight Time)","process":{"pid":3760,"uid":null,"gid":null,"cwd":"C:\\Users\\tazer\\OneDrive\\Documents\\Tera_Electron","execPath":"C:\\Program Files\\nodejs\\node.exe","version":"v22.15.0","argv":["C:\\Program Files\\nodejs\\node.exe","C:\\Users\\tazer\\OneDrive\\Documents\\Tera_Electron\\test-game-electron.js"],"memoryUsage":{"rss":45785088,"heapTotal":10539008,"heapUsed":7263784,"external":1625230,"arrayBuffers":12531}},"os":{"loadavg":[0,0,0],"uptime":116780.515},"trace":[{"column":5,"file":"C:\\Users\\tazer\\OneDrive\\Documents\\Tera_Electron\\test-game-electron.js","function":null,"line":298,"method":null,"native":false},{"column":14,"file":"node:internal/modules/cjs/loader","function":"Module._compile","line":1730,"method":"_compile","native":false},{"column":10,"file":"node:internal/modules/cjs/loader","function":"Object..js","line":1895,"method":".js","native":false},{"column":32,"file":"node:internal/modules/cjs/loader","function":"Module.load","line":1465,"method":"load","native":false},{"column":12,"file":"node:internal/modules/cjs/loader","function":"Function._load","line":1282,"method":"_load","native":false},{"column":14,"file":"node:diagnostics_channel","function":"TracingChannel.traceSync","line":322,"method":"traceSync","native":false},{"column":24,"file":"node:internal/modules/cjs/loader","function":"wrapModuleLoad","line":235,"method":null,"native":false},{"column":5,"file":"node:internal/modules/run_main","function":"Function.executeUserEntryPoint [as runMain]","line":170,"method":"executeUserEntryPoint [as runMain]","native":false},{"column":49,"file":"node:internal/main/run_main_module","function":null,"line":36,"method":null,"native":false}]}
